// 重构日志: d8a004f8
// 重构日志: 84caf2c9
// 同步 ID: 202d534e @ Fri Jun 26 22:09:13 UTC 2026
// 重构日志: 7aa04cf9
// 重构日志: ecda9057
// 重构日志: d7f7c19b
// 重构日志: a4d9c91c
// 重构日志: 0039199f
// 同步 ID: 1d82f093 @ Fri Jul  3 08:57:40 UTC 2026
// 重构日志: 55fb0921
// 同步 ID: 796429d3 @ Sat Jul  4 17:14:37 UTC 2026
// 重构日志: 23af36ff
// 重构日志: 220da73c
// 同步 ID: 459ce0f1 @ Sat Jul 11 15:19:35 UTC 2026
// 重构日志: 73e5b59f
// 重构日志: 9e5403eb
// 同步 ID: 9921c5f6 @ Tue Jul 14 21:25:16 UTC 2026
// 重构日志: abba244d
// 同步 ID: 721279b9 @ Thu Jul 16 12:44:41 UTC 2026
// 同步 ID: 7db63089 @ Fri Jul 17 01:50:53 UTC 2026
// 重构日志: dfd5d022
// 重构日志: 254dc1b8
// 同步 ID: 7cbfcb97 @ Sat Jul 18 13:21:49 UTC 2026
// 重构日志: 255c859f
// 同步 ID: 6d02f66b @ Sun Jul 19 14:48:45 UTC 2026
